t=2017-05-27T00:00:37+0300 lvl=info msg="Shutdown started" logger=server code=0 reason="system signal: terminated"
t=2017-05-27T00:00:37+0300 lvl=info msg="stopped http server" logger=http.server
t=2017-05-27T00:01:22+0300 lvl=info msg="Starting Grafana" logger=main version=4.4.0-pre1 commit=e65f86147 compiled=2017-05-26T16:56:44+0300
t=2017-05-27T00:01:22+0300 lvl=info msg="Config loaded from" logger=settings file=/Users/denea/go/src/github.com/grafana/grafana/conf/defaults.ini
t=2017-05-27T00:01:22+0300 lvl=info msg="Path Home" logger=settings path=/Users/denea/go/src/github.com/grafana/grafana
t=2017-05-27T00:01:22+0300 lvl=info msg="Path Data" logger=settings path=/Users/denea/go/src/github.com/grafana/grafana/data
t=2017-05-27T00:01:22+0300 lvl=info msg="Path Logs" logger=settings path=/Users/denea/go/src/github.com/grafana/grafana/data/log
t=2017-05-27T00:01:22+0300 lvl=info msg="Path Plugins" logger=settings path=/Users/denea/go/src/github.com/grafana/grafana/data/plugins
t=2017-05-27T00:01:22+0300 lvl=info msg="Initializing DB" logger=sqlstore dbtype=sqlite3
t=2017-05-27T00:01:22+0300 lvl=info msg="Starting DB migration" logger=migrator
t=2017-05-27T00:01:22+0300 lvl=info msg="Executing migration" logger=migrator id="copy data account to org"
t=2017-05-27T00:01:22+0300 lvl=info msg="Skipping migration condition not fulfilled" logger=migrator id="copy data account to org"
t=2017-05-27T00:01:22+0300 lvl=info msg="Executing migration" logger=migrator id="copy data account_user to org_user"
t=2017-05-27T00:01:22+0300 lvl=info msg="Skipping migration condition not fulfilled" logger=migrator id="copy data account_user to org_user"
t=2017-05-27T00:01:22+0300 lvl=info msg="Starting plugin search" logger=plugins
t=2017-05-27T00:01:22+0300 lvl=info msg="Initializing CleanUpService" logger=cleanup
t=2017-05-27T00:01:22+0300 lvl=info msg="Initializing Alerting" logger=alerting.engine
t=2017-05-27T00:01:22+0300 lvl=info msg="Initializing Stream Manager"
t=2017-05-27T00:01:22+0300 lvl=info msg="Initializing HTTP Server" logger=http.server address=0.0.0.0:3000 protocol=http subUrl= socket=
t=2017-05-27T00:14:46+0300 lvl=info msg="Shutdown started" logger=server code=0 reason="system signal: terminated"
t=2017-05-27T00:14:46+0300 lvl=info msg="stopped http server" logger=http.server
t=2017-05-27T00:15:24+0300 lvl=info msg="Starting Grafana" logger=main version=4.4.0-pre1 commit=e65f86147 compiled=2017-05-26T16:56:44+0300
t=2017-05-27T00:15:24+0300 lvl=info msg="Config loaded from" logger=settings file=/Users/denea/go/src/github.com/grafana/grafana/conf/defaults.ini
t=2017-05-27T00:15:24+0300 lvl=info msg="Path Home" logger=settings path=/Users/denea/go/src/github.com/grafana/grafana
t=2017-05-27T00:15:24+0300 lvl=info msg="Path Data" logger=settings path=/Users/denea/go/src/github.com/grafana/grafana/data
t=2017-05-27T00:15:24+0300 lvl=info msg="Path Logs" logger=settings path=/Users/denea/go/src/github.com/grafana/grafana/data/log
t=2017-05-27T00:15:24+0300 lvl=info msg="Path Plugins" logger=settings path=/Users/denea/go/src/github.com/grafana/grafana/data/plugins
t=2017-05-27T00:15:24+0300 lvl=info msg="Initializing DB" logger=sqlstore dbtype=sqlite3
t=2017-05-27T00:15:24+0300 lvl=info msg="Starting DB migration" logger=migrator
t=2017-05-27T00:15:24+0300 lvl=info msg="Executing migration" logger=migrator id="copy data account to org"
t=2017-05-27T00:15:24+0300 lvl=info msg="Skipping migration condition not fulfilled" logger=migrator id="copy data account to org"
t=2017-05-27T00:15:24+0300 lvl=info msg="Executing migration" logger=migrator id="copy data account_user to org_user"
t=2017-05-27T00:15:24+0300 lvl=info msg="Skipping migration condition not fulfilled" logger=migrator id="copy data account_user to org_user"
t=2017-05-27T00:15:24+0300 lvl=info msg="Starting plugin search" logger=plugins
t=2017-05-27T00:15:24+0300 lvl=info msg="Initializing CleanUpService" logger=cleanup
t=2017-05-27T00:15:24+0300 lvl=info msg="Initializing Alerting" logger=alerting.engine
t=2017-05-27T00:15:24+0300 lvl=info msg="Initializing Stream Manager"
t=2017-05-27T00:15:24+0300 lvl=info msg="Initializing HTTP Server" logger=http.server address=0.0.0.0:3000 protocol=http subUrl= socket=
t=2017-05-27T00:26:50+0300 lvl=info msg="Shutdown started" logger=server code=0 reason="system signal: terminated"
t=2017-05-27T00:26:50+0300 lvl=info msg="stopped http server" logger=http.server
t=2017-05-27T00:26:50+0300 lvl=info msg="Stopped Stream Manager"
t=2017-05-27T00:26:50+0300 lvl=info msg="Stopped Alerting" logger=alerting.engine reason="context canceled"
t=2017-05-27T00:27:29+0300 lvl=info msg="Starting Grafana" logger=main version=4.4.0-pre1 commit=e65f86147 compiled=2017-05-26T16:56:44+0300
t=2017-05-27T00:27:29+0300 lvl=info msg="Config loaded from" logger=settings file=/Users/denea/go/src/github.com/grafana/grafana/conf/defaults.ini
t=2017-05-27T00:27:29+0300 lvl=info msg="Path Home" logger=settings path=/Users/denea/go/src/github.com/grafana/grafana
t=2017-05-27T00:27:29+0300 lvl=info msg="Path Data" logger=settings path=/Users/denea/go/src/github.com/grafana/grafana/data
t=2017-05-27T00:27:29+0300 lvl=info msg="Path Logs" logger=settings path=/Users/denea/go/src/github.com/grafana/grafana/data/log
t=2017-05-27T00:27:29+0300 lvl=info msg="Path Plugins" logger=settings path=/Users/denea/go/src/github.com/grafana/grafana/data/plugins
t=2017-05-27T00:27:29+0300 lvl=info msg="Initializing DB" logger=sqlstore dbtype=sqlite3
t=2017-05-27T00:27:29+0300 lvl=info msg="Starting DB migration" logger=migrator
t=2017-05-27T00:27:29+0300 lvl=info msg="Executing migration" logger=migrator id="copy data account to org"
t=2017-05-27T00:27:29+0300 lvl=info msg="Skipping migration condition not fulfilled" logger=migrator id="copy data account to org"
t=2017-05-27T00:27:29+0300 lvl=info msg="Executing migration" logger=migrator id="copy data account_user to org_user"
t=2017-05-27T00:27:29+0300 lvl=info msg="Skipping migration condition not fulfilled" logger=migrator id="copy data account_user to org_user"
t=2017-05-27T00:27:29+0300 lvl=info msg="Starting plugin search" logger=plugins
t=2017-05-27T00:27:29+0300 lvl=info msg="Initializing CleanUpService" logger=cleanup
t=2017-05-27T00:27:29+0300 lvl=info msg="Initializing Alerting" logger=alerting.engine
t=2017-05-27T00:27:29+0300 lvl=info msg="Initializing Stream Manager"
t=2017-05-27T00:27:29+0300 lvl=info msg="Initializing HTTP Server" logger=http.server address=0.0.0.0:3000 protocol=http subUrl= socket=
t=2017-05-27T00:28:09+0300 lvl=info msg="Request Completed" logger=context userId=1 orgId=1 uname=admin method=GET path=/logout status=302 remote_addr=[::1] time_ms=1 size=29 referer=http://localhost:3000/org
t=2017-05-27T00:29:28+0300 lvl=info msg="Request Completed" logger=context userId=1 orgId=1 uname=admin method=GET path=/metrics/find status=502 remote_addr=::1 time_ms=5 size=0 referer=http://localhost:3000/datasources/edit/1?gettingstarted
t=2017-05-27T03:41:58+0300 lvl=info msg="Shutdown started" logger=server code=0 reason="system signal: terminated"
t=2017-05-27T03:41:58+0300 lvl=info msg="stopped http server" logger=http.server
t=2017-05-27T03:41:58+0300 lvl=info msg="Stopped CleanUpService" logger=cleanup reason="context canceled"
t=2017-05-27T03:41:58+0300 lvl=info msg="Stopped Stream Manager"
t=2017-05-27T03:41:58+0300 lvl=info msg="Stopped Alerting" logger=alerting.engine reason="context canceled"
t=2017-05-30T19:45:02+0300 lvl=info msg="Starting Grafana" logger=main version=4.4.0-pre1 commit=e65f86147 compiled=2017-05-26T16:56:44+0300
t=2017-05-30T19:45:02+0300 lvl=info msg="Config loaded from" logger=settings file=/Users/denea/go/src/github.com/grafana/grafana/conf/defaults.ini
t=2017-05-30T19:45:02+0300 lvl=info msg="Path Home" logger=settings path=/Users/denea/go/src/github.com/grafana/grafana
t=2017-05-30T19:45:02+0300 lvl=info msg="Path Data" logger=settings path=/Users/denea/go/src/github.com/grafana/grafana/data
t=2017-05-30T19:45:02+0300 lvl=info msg="Path Logs" logger=settings path=/Users/denea/go/src/github.com/grafana/grafana/data/log
t=2017-05-30T19:45:02+0300 lvl=info msg="Path Plugins" logger=settings path=/Users/denea/go/src/github.com/grafana/grafana/data/plugins
t=2017-05-30T19:45:02+0300 lvl=info msg="Initializing DB" logger=sqlstore dbtype=sqlite3
t=2017-05-30T19:45:02+0300 lvl=info msg="Starting DB migration" logger=migrator
t=2017-05-30T19:45:02+0300 lvl=info msg="Executing migration" logger=migrator id="copy data account to org"
t=2017-05-30T19:45:02+0300 lvl=info msg="Skipping migration condition not fulfilled" logger=migrator id="copy data account to org"
t=2017-05-30T19:45:02+0300 lvl=info msg="Executing migration" logger=migrator id="copy data account_user to org_user"
t=2017-05-30T19:45:02+0300 lvl=info msg="Skipping migration condition not fulfilled" logger=migrator id="copy data account_user to org_user"
t=2017-05-30T19:45:02+0300 lvl=info msg="Starting plugin search" logger=plugins
t=2017-05-30T19:45:02+0300 lvl=info msg="Initializing Alerting" logger=alerting.engine
t=2017-05-30T19:45:02+0300 lvl=info msg="Initializing CleanUpService" logger=cleanup
t=2017-05-30T19:45:02+0300 lvl=info msg="Initializing Stream Manager"
t=2017-05-30T19:45:02+0300 lvl=info msg="Initializing HTTP Server" logger=http.server address=0.0.0.0:3000 protocol=http subUrl= socket=
t=2017-05-30T19:45:10+0300 lvl=info msg="Request Completed" logger=context userId=0 orgId=0 uname= method=GET path=/ status=302 remote_addr=[::1] time_ms=1 size=29 referer=
t=2017-05-30T19:45:10+0300 lvl=info msg="Request Completed" logger=context userId=0 orgId=0 uname= method=GET path=/login status=302 remote_addr=[::1] time_ms=5 size=24 referer=
t=2017-05-30T19:45:16+0300 lvl=info msg="Request Completed" logger=context userId=1 orgId=1 uname=admin method=GET path=/logout status=302 remote_addr=[::1] time_ms=1 size=29 referer="http://localhost:3000/?orgId=1"
t=2017-05-30T19:56:17+0300 lvl=info msg="Shutdown started" logger=server code=0 reason="system signal: terminated"
t=2017-05-30T19:56:17+0300 lvl=info msg="stopped http server" logger=http.server
t=2017-05-30T19:56:17+0300 lvl=info msg="Stopped CleanUpService" logger=cleanup reason="context canceled"
